Change Component Comment : Designator=R15 Old Comment=1M New Comment=1K
Change Component Comment : Designator=R1 Old Comment=4k7 New Comment=1K
Change Component Comment : Designator=R2 Old Comment=4k7 New Comment=1K
Change Component Comment : Designator=R18 Old Comment=4k7 New Comment=1K
Change Component Comment : Designator=R20 Old Comment=4k7 New Comment=1K
Change Component Comment : Designator=R24 Old Comment=4k7 New Comment=1K
Change Component Comment : Designator=R25 Old Comment=4k7 New Comment=1K
Change Component Comment : Designator=R5 Old Comment=5k6 New Comment=1K
Change Component Comment : Designator=R6 Old Comment=5k6 New Comment=1K
Change Component Comment : Designator=R10 Old Comment=5k6 New Comment=1K
Change Component Comment : Designator=R11 Old Comment=5k6 New Comment=1K
Change Component Comment : Designator=R4 Old Comment=10k New Comment=1K
Change Component Comment : Designator=R16 Old Comment=10k New Comment=1K
Change Component Comment : Designator=R19 Old Comment=10k New Comment=1K
Change Component Comment : Designator=R21 Old Comment=10k New Comment=1K
Change Component Comment : Designator=R22 Old Comment=10k New Comment=1K
Change Component Comment : Designator=R23 Old Comment=10k New Comment=1K
Change Component Comment : Designator=R14 Old Comment=10M New Comment=1K
Change Component Comment : Designator=R8 Old Comment=18k New Comment=1K
Change Component Comment : Designator=R9 Old Comment=18k New Comment=1K
Change Component Comment : Designator=R13 Old Comment=18k New Comment=1K
Change Component Comment : Designator=R17 Old Comment=68k New Comment=1K
Change Component Comment : Designator=R3 Old Comment=100O New Comment=1K
Change Component Comment : Designator=R7 Old Comment=100O New Comment=1K
Change Component Comment : Designator=R12 Old Comment=100O New Comment=1K
Added Room: Name=CPU
Added Room: Name=Display
Added Room: Name=Power supply
Added Room: Name=PWM_control
Added Room: Name=Thermocouple
