Change Physical Footprint: Designator=B1 Old Footprint=Bruggelijkrichter New Footprint=Bruggelijkrichter
Change Physical Footprint: Designator=B2 Old Footprint=Bruggelijkrichter New Footprint=Bruggelijkrichter
Change Physical Footprint: Designator=C1 Old Footprint=Capacitor 0805 New Footprint=Capacitor 0805
Change Physical Footprint: Designator=C2 Old Footprint=Capacitor 0805 New Footprint=Capacitor 0805
Change Physical Footprint: Designator=C3 Old Footprint=Capacitor 0805 New Footprint=Capacitor 0805
Change Physical Footprint: Designator=C4 Old Footprint=Capacitor 0805 New Footprint=Capacitor 0805
Change Physical Footprint: Designator=C5 Old Footprint=100uf tht New Footprint=100uf tht
Change Physical Footprint: Designator=C6 Old Footprint=10uF tht New Footprint=10uF tht
Change Physical Footprint: Designator=C7 Old Footprint=4700uf tht New Footprint=4700uf tht
Change Physical Footprint: Designator=C8 Old Footprint=Capacitor 0805 New Footprint=Capacitor 0805
Change Physical Footprint: Designator=C9 Old Footprint=Capacitor 0805 New Footprint=Capacitor 0805
Change Physical Footprint: Designator=C10 Old Footprint=Capacitor 0805 New Footprint=Capacitor 0805
Change Physical Footprint: Designator=C11 Old Footprint=10uF tht New Footprint=10uF tht
Change Physical Footprint: Designator=C12 Old Footprint=Capacitor 0805 New Footprint=Capacitor 0805
Change Physical Footprint: Designator=C13 Old Footprint=10uF tht New Footprint=10uF tht
Change Physical Footprint: Designator=C14 Old Footprint=Capacitor 0805 New Footprint=Capacitor 0805
Change Physical Footprint: Designator=C15 Old Footprint=Capacitor 0805 New Footprint=Capacitor 0805
Change Physical Footprint: Designator=C16 Old Footprint=Capacitor 0805 New Footprint=Capacitor 0805
Change Physical Footprint: Designator=C17 Old Footprint=Capacitor 0805 New Footprint=Capacitor 0805
Change Physical Footprint: Designator=C18 Old Footprint=Capacitor 0805 New Footprint=Capacitor 0805
Change Physical Footprint: Designator=C19 Old Footprint=100uf tht New Footprint=100uf tht
Change Physical Footprint: Designator=D1 Old Footprint=1n4007 New Footprint=1n4007
Change Physical Footprint: Designator=D2 Old Footprint=1n4148 New Footprint=1n4148
Change Physical Footprint: Designator=DY1 Old Footprint=4 x sevensegment display New Footprint=4 x sevensegment display
Change Physical Footprint: Designator=IC2 Old Footprint=Dual_Opamp New Footprint=Dual_Opamp
Change Physical Footprint: Designator=IC3 Old Footprint=OKI-78SR-5_1.5-W36-C New Footprint=OKI-78SR-5_1.5-W36-C
Change Physical Footprint: Designator=IC4 Old Footprint=ATMEGA4809-PF New Footprint=ATMEGA4809-PF
Change Physical Footprint: Designator=IC5 Old Footprint=TM1637 New Footprint=TM1637
Change Physical Footprint: Designator=L1 Old Footprint=CM2545X171B-10 New Footprint=CM2545X171B-10
Change Physical Footprint: Designator=L2 Old Footprint=10uH tht New Footprint=10uH tht
Change Physical Footprint: Designator=R1 Old Footprint=resistor New Footprint=resistor
Change Physical Footprint: Designator=R2 Old Footprint=resistor New Footprint=resistor
Change Physical Footprint: Designator=R3 Old Footprint=resistor New Footprint=resistor
Change Physical Footprint: Designator=R4 Old Footprint=resistor New Footprint=resistor
Change Physical Footprint: Designator=R5 Old Footprint=resistor New Footprint=resistor
Change Physical Footprint: Designator=R6 Old Footprint=resistor New Footprint=resistor
Change Physical Footprint: Designator=R7 Old Footprint=resistor New Footprint=resistor
Change Physical Footprint: Designator=R8 Old Footprint=resistor New Footprint=resistor
Change Physical Footprint: Designator=R9 Old Footprint=resistor New Footprint=resistor
Change Physical Footprint: Designator=R10 Old Footprint=resistor New Footprint=resistor
Change Physical Footprint: Designator=R11 Old Footprint=resistor New Footprint=resistor
Change Physical Footprint: Designator=R12 Old Footprint=resistor New Footprint=resistor
Change Physical Footprint: Designator=R13 Old Footprint=resistor New Footprint=resistor
Change Physical Footprint: Designator=R14 Old Footprint=resistor New Footprint=resistor
Change Physical Footprint: Designator=R15 Old Footprint=resistor New Footprint=resistor
Change Physical Footprint: Designator=R16 Old Footprint=resistor New Footprint=resistor
Change Physical Footprint: Designator=R17 Old Footprint=resistor New Footprint=resistor
Change Physical Footprint: Designator=R18 Old Footprint=resistor New Footprint=resistor
Change Physical Footprint: Designator=R19 Old Footprint=resistor New Footprint=resistor
Change Physical Footprint: Designator=R20 Old Footprint=resistor New Footprint=resistor
Change Physical Footprint: Designator=R21 Old Footprint=resistor New Footprint=resistor
Change Physical Footprint: Designator=R22 Old Footprint=resistor New Footprint=resistor
Change Physical Footprint: Designator=R23 Old Footprint=resistor New Footprint=resistor
Change Physical Footprint: Designator=R24 Old Footprint=resistor New Footprint=resistor
Change Physical Footprint: Designator=R25 Old Footprint=resistor New Footprint=resistor
Change Physical Footprint: Designator=RY1 Old Footprint=RT424005 New Footprint=RT424005
Change Physical Footprint: Designator=T1 Old Footprint=BC547CG New Footprint=BC547CG
Change Physical Footprint: Designator=T2 Old Footprint=BC547CG New Footprint=BC547CG
Change Physical Footprint: Designator=T3 Old Footprint=BC557C New Footprint=BC557C
Change Physical Footprint: Designator=T4 Old Footprint=IRF9Z34NPBF New Footprint=IRF9Z34NPBF
Change Physical Footprint: Designator=T5 Old Footprint=BC547CG New Footprint=BC547CG
Change Physical Footprint: Designator=TB1 Old Footprint=2pin screw connector New Footprint=2pin screw connector
Change Physical Footprint: Designator=TB2 Old Footprint=2pin screw connector New Footprint=2pin screw connector
Change Physical Footprint: Designator=TB3 Old Footprint=3x1 header tht New Footprint=3x1 header tht
Change Physical Footprint: Designator=TB4 Old Footprint=3x1 header tht New Footprint=3x1 header tht
Change Physical Footprint: Designator=TB5 Old Footprint=2x1 header tht New Footprint=2x1 header tht
Change Physical Footprint: Designator=TB6 Old Footprint=4x1 header tht New Footprint=4x1 header tht
Change Physical Footprint: Designator=TB7 Old Footprint=6x2 header tht New Footprint=6x2 header tht
Change Physical Footprint: Designator=TB8 Old Footprint=5x1 header tht New Footprint=5x1 header tht
Change Physical Footprint: Designator=TB9 Old Footprint=3x1 header tht New Footprint=3x1 header tht
Change Physical Footprint: Designator=TB10 Old Footprint=2pin screw connector New Footprint=2pin screw connector
Change Physical Footprint: Designator=TB11 Old Footprint=4x1 header tht New Footprint=4x1 header tht
Change Physical Footprint: Designator=TB12 Old Footprint=4x1 header tht New Footprint=4x1 header tht
Change Physical Footprint: Designator=TB13 Old Footprint=2pin screw connector New Footprint=2pin screw connector
Change Physical Footprint: Designator=TB14 Old Footprint=4x1 header tht New Footprint=4x1 header tht
Change Physical Footprint: Designator=TB15 Old Footprint=4x1 header tht New Footprint=4x1 header tht
Change Physical Footprint: Designator=U1 Old Footprint=Encoder New Footprint=Encoder
Change Physical Footprint: Designator=ZD1 Old Footprint=1n4007 New Footprint=1n4007
