Replace Part C8 Capacitor 0805 in C:\Users\12203308\Documents\School\Altium\soldeerstation_2023\CPU.SchDoc with Capacitor 0805 from soldeerstation.SchLib
Replace Part C9 Capacitor 0805 in C:\Users\12203308\Documents\School\Altium\soldeerstation_2023\CPU.SchDoc with Capacitor 0805 from soldeerstation.SchLib
Replace Part C10 Capacitor 0805 in C:\Users\12203308\Documents\School\Altium\soldeerstation_2023\CPU.SchDoc with Capacitor 0805 from soldeerstation.SchLib
Replace Part C11 10uF tht in C:\Users\12203308\Documents\School\Altium\soldeerstation_2023\CPU.SchDoc with 10uF tht from soldeerstation.SchLib
Replace Part C12 Capacitor 0805 in C:\Users\12203308\Documents\School\Altium\soldeerstation_2023\CPU.SchDoc with Capacitor 0805 from soldeerstation.SchLib
Replace Part D2 1N4148 in C:\Users\12203308\Documents\School\Altium\soldeerstation_2023\CPU.SchDoc with 1N4148 from soldeerstation.SchLib
Replace Part IC4 ATMEGA4809-PF in C:\Users\12203308\Documents\School\Altium\soldeerstation_2023\CPU.SchDoc with ATMEGA4809-PF from soldeerstation.SchLib
Replace Part L2 10uH tht in C:\Users\12203308\Documents\School\Altium\soldeerstation_2023\CPU.SchDoc with 10uH tht from soldeerstation.SchLib
Replace Part R20 resistor in C:\Users\12203308\Documents\School\Altium\soldeerstation_2023\CPU.SchDoc with resistor from soldeerstation.SchLib
Replace Part R24 resistor in C:\Users\12203308\Documents\School\Altium\soldeerstation_2023\CPU.SchDoc with resistor from soldeerstation.SchLib
Replace Part R25 resistor in C:\Users\12203308\Documents\School\Altium\soldeerstation_2023\CPU.SchDoc with resistor from soldeerstation.SchLib
Replace Part TB3 3x1 header tht in C:\Users\12203308\Documents\School\Altium\soldeerstation_2023\CPU.SchDoc with 3x1 header tht from soldeerstation.SchLib
Replace Part TB4 3x1 header tht in C:\Users\12203308\Documents\School\Altium\soldeerstation_2023\CPU.SchDoc with 3x1 header tht from soldeerstation.SchLib
Replace Part TB5 2x1 header tht in C:\Users\12203308\Documents\School\Altium\soldeerstation_2023\CPU.SchDoc with 2x1 header tht from soldeerstation.SchLib
Replace Part TB6 4x1 header tht in C:\Users\12203308\Documents\School\Altium\soldeerstation_2023\CPU.SchDoc with 4x1 header tht from soldeerstation.SchLib
Replace Part TB7 6x2 header tht in C:\Users\12203308\Documents\School\Altium\soldeerstation_2023\CPU.SchDoc with 6x2 header tht from soldeerstation.SchLib
Replace Part TB8 5x1 header tht in C:\Users\12203308\Documents\School\Altium\soldeerstation_2023\CPU.SchDoc with 5x1 header tht from soldeerstation.SchLib
Replace Part TB9 3x1 header tht in C:\Users\12203308\Documents\School\Altium\soldeerstation_2023\CPU.SchDoc with 3x1 header tht from soldeerstation.SchLib
Replace Part TB14 5x1 header tht in C:\Users\12203308\Documents\School\Altium\soldeerstation_2023\CPU.SchDoc with 5x1 header tht from soldeerstation.SchLib
Replace Part TB15 4x1 header tht in C:\Users\12203308\Documents\School\Altium\soldeerstation_2023\CPU.SchDoc with 4x1 header tht from soldeerstation.SchLib
