Change Component Footprint: Designator=C1 Old Footprint=Capacitor 0805 New Footprint=0805
Change Component Footprint: Designator=C2 Old Footprint=Capacitor 0805 New Footprint=0805
Change Component Footprint: Designator=C3 Old Footprint=Capacitor 0805 New Footprint=0805
Change Component Footprint: Designator=C4 Old Footprint=Capacitor 0805 New Footprint=0805
Change Component Footprint: Designator=C8 Old Footprint=Capacitor 0805 New Footprint=0805
Change Component Footprint: Designator=C9 Old Footprint=Capacitor 0805 New Footprint=0805
Change Component Footprint: Designator=C10 Old Footprint=Capacitor 0805 New Footprint=0805
Change Component Footprint: Designator=C12 Old Footprint=Capacitor 0805 New Footprint=0805
Change Component Footprint: Designator=C14 Old Footprint=Capacitor 0805 New Footprint=0805
Change Component Footprint: Designator=C15 Old Footprint=Capacitor 0805 New Footprint=0805
Change Component Footprint: Designator=C16 Old Footprint=Capacitor 0805 New Footprint=0805
Change Component Footprint: Designator=C17 Old Footprint=Capacitor 0805 New Footprint=0805
Change Component Footprint: Designator=C18 Old Footprint=Capacitor 0805 New Footprint=0805
Change Component Footprint: Designator=R1 Old Footprint=resistor New Footprint=0805
Change Component Footprint: Designator=R2 Old Footprint=resistor New Footprint=0805
Change Component Footprint: Designator=R3 Old Footprint=resistor New Footprint=0805
Change Component Footprint: Designator=R4 Old Footprint=resistor New Footprint=0805
Change Component Footprint: Designator=R5 Old Footprint=resistor New Footprint=0805
Change Component Footprint: Designator=R6 Old Footprint=resistor New Footprint=0805
Change Component Footprint: Designator=R7 Old Footprint=resistor New Footprint=0805
Change Component Footprint: Designator=R8 Old Footprint=resistor New Footprint=0805
Change Component Footprint: Designator=R9 Old Footprint=resistor New Footprint=0805
Change Component Footprint: Designator=R10 Old Footprint=resistor New Footprint=0805
Change Component Footprint: Designator=R11 Old Footprint=resistor New Footprint=0805
Change Component Footprint: Designator=R12 Old Footprint=resistor New Footprint=0805
Change Component Footprint: Designator=R13 Old Footprint=resistor New Footprint=0805
Change Component Footprint: Designator=R14 Old Footprint=resistor New Footprint=0805
Change Component Footprint: Designator=R15 Old Footprint=resistor New Footprint=0805
Change Component Footprint: Designator=R16 Old Footprint=resistor New Footprint=0805
Change Component Footprint: Designator=R17 Old Footprint=resistor New Footprint=0805
Change Component Footprint: Designator=R18 Old Footprint=resistor New Footprint=0805
Change Component Footprint: Designator=R19 Old Footprint=resistor New Footprint=0805
Change Component Footprint: Designator=R20 Old Footprint=resistor New Footprint=0805
Change Component Footprint: Designator=R21 Old Footprint=resistor New Footprint=0805
Change Component Footprint: Designator=R22 Old Footprint=resistor New Footprint=0805
Change Component Footprint: Designator=R23 Old Footprint=resistor New Footprint=0805
Change Component Footprint: Designator=R24 Old Footprint=resistor New Footprint=0805
Change Component Footprint: Designator=R25 Old Footprint=resistor New Footprint=0805
Added Room: Name=CPU
Added Room: Name=Display
Added Room: Name=Power supply
Added Room: Name=PWM_control
Added Room: Name=Thermocouple
