Replace Part C1 Capacitor 0805 in C:\Users\12203308\Documents\School\Altium\soldeerstation_2023\Thermocouple.SchDoc with Capacitor 0805 from soldeerstation.SchLib
Replace Part C2 Capacitor 0805 in C:\Users\12203308\Documents\School\Altium\soldeerstation_2023\Thermocouple.SchDoc with Capacitor 0805 from soldeerstation.SchLib
Replace Part C3 Capacitor 0805 in C:\Users\12203308\Documents\School\Altium\soldeerstation_2023\Thermocouple.SchDoc with Capacitor 0805 from soldeerstation.SchLib
Replace Part C4 Capacitor 0805 in C:\Users\12203308\Documents\School\Altium\soldeerstation_2023\Thermocouple.SchDoc with Capacitor 0805 from soldeerstation.SchLib
Replace Part C13 10uF tht in C:\Users\12203308\Documents\School\Altium\soldeerstation_2023\Thermocouple.SchDoc with 10uF tht from soldeerstation.SchLib
Replace Part C14 Capacitor 0805 in C:\Users\12203308\Documents\School\Altium\soldeerstation_2023\Thermocouple.SchDoc with Capacitor 0805 from soldeerstation.SchLib
Replace Part IC2 Dual_Opamp in C:\Users\12203308\Documents\School\Altium\soldeerstation_2023\Thermocouple.SchDoc with Dual_Opamp from soldeerstation.SchLib
Replace Part IC2 Dual_Opamp in C:\Users\12203308\Documents\School\Altium\soldeerstation_2023\Thermocouple.SchDoc with Dual_Opamp from soldeerstation.SchLib
Replace Part R5 resistor in C:\Users\12203308\Documents\School\Altium\soldeerstation_2023\Thermocouple.SchDoc with resistor from soldeerstation.SchLib
Replace Part R6 resistor in C:\Users\12203308\Documents\School\Altium\soldeerstation_2023\Thermocouple.SchDoc with resistor from soldeerstation.SchLib
Replace Part R7 resistor in C:\Users\12203308\Documents\School\Altium\soldeerstation_2023\Thermocouple.SchDoc with resistor from soldeerstation.SchLib
Replace Part R8 resistor in C:\Users\12203308\Documents\School\Altium\soldeerstation_2023\Thermocouple.SchDoc with resistor from soldeerstation.SchLib
Replace Part R9 resistor in C:\Users\12203308\Documents\School\Altium\soldeerstation_2023\Thermocouple.SchDoc with resistor from soldeerstation.SchLib
Replace Part R10 resistor in C:\Users\12203308\Documents\School\Altium\soldeerstation_2023\Thermocouple.SchDoc with resistor from soldeerstation.SchLib
Replace Part R11 resistor in C:\Users\12203308\Documents\School\Altium\soldeerstation_2023\Thermocouple.SchDoc with resistor from soldeerstation.SchLib
Replace Part R12 resistor in C:\Users\12203308\Documents\School\Altium\soldeerstation_2023\Thermocouple.SchDoc with resistor from soldeerstation.SchLib
Replace Part R13 resistor in C:\Users\12203308\Documents\School\Altium\soldeerstation_2023\Thermocouple.SchDoc with resistor from soldeerstation.SchLib
Replace Part R14 resistor in C:\Users\12203308\Documents\School\Altium\soldeerstation_2023\Thermocouple.SchDoc with resistor from soldeerstation.SchLib
Replace Part R15 resistor in C:\Users\12203308\Documents\School\Altium\soldeerstation_2023\Thermocouple.SchDoc with resistor from soldeerstation.SchLib
Replace Part TB13 2pin screw connector in C:\Users\12203308\Documents\School\Altium\soldeerstation_2023\Thermocouple.SchDoc with 2pin screw connector from soldeerstation.SchLib
